2022-03-14 00:33:58.969 EDT [43644] LOG:  starting PostgreSQL 14.2 on aarch64-apple-darwin20.6.0, compiled by Apple clang version 12.0.5 (clang-1205.0.22.9), 64-bit
2022-03-14 00:33:58.970 EDT [43644] LOG:  listening on IPv4 address "127.0.0.1", port 5432
2022-03-14 00:33:58.970 EDT [43644] LOG:  listening on IPv6 address "::1", port 5432
2022-03-14 00:33:58.971 EDT [43644] LOG:  listening on Unix socket "/tmp/.s.PGSQL.5432"
2022-03-14 00:33:58.972 EDT [43645] LOG:  database system was shut down at 2022-03-14 00:33:58 EDT
2022-03-14 00:33:58.974 EDT [43644] LOG:  database system is ready to accept connections
2022-03-14 00:34:15.893 EDT [43661] LOG:  invalid length of startup packet
2022-03-14 00:34:16.932 EDT [43664] LOG:  invalid length of startup packet
2022-03-14 00:34:21.957 EDT [43667] LOG:  invalid length of startup packet
2022-03-14 00:35:00.762 EDT [43676] LOG:  invalid length of startup packet
2022-03-14 00:35:01.783 EDT [43678] LOG:  invalid length of startup packet
2022-03-14 00:35:11.415 EDT [43680] LOG:  invalid length of startup packet
2022-03-14 00:35:12.445 EDT [43682] LOG:  invalid length of startup packet
2022-03-14 00:35:17.471 EDT [43684] LOG:  invalid length of startup packet
2022-03-14 00:35:19.567 EDT [43686] LOG:  invalid length of startup packet
2022-03-14 00:35:20.599 EDT [43688] LOG:  invalid length of startup packet
2022-03-14 00:35:39.878 EDT [43692] LOG:  invalid length of startup packet
2022-03-14 00:46:23.447 EDT [43644] LOG:  received fast shutdown request
2022-03-14 00:46:23.448 EDT [43644] LOG:  aborting any active transactions
2022-03-14 00:46:23.448 EDT [43975] FATAL:  terminating connection due to administrator command
2022-03-14 00:46:23.450 EDT [43962] FATAL:  terminating connection due to administrator command
2022-03-14 00:46:23.453 EDT [43644] LOG:  background worker "logical replication launcher" (PID 43651) exited with exit code 1
2022-03-14 00:46:23.455 EDT [43646] LOG:  shutting down
2022-03-14 00:46:23.464 EDT [43644] LOG:  database system is shut down
2022-03-14 00:47:09.642 EDT [43983] LOG:  starting PostgreSQL 14.2 on aarch64-apple-darwin20.6.0, compiled by Apple clang version 12.0.5 (clang-1205.0.22.9), 64-bit
2022-03-14 00:47:09.643 EDT [43983] LOG:  listening on IPv6 address "::1", port 5432
2022-03-14 00:47:09.643 EDT [43983] LOG:  listening on IPv4 address "127.0.0.1", port 5432
2022-03-14 00:47:09.643 EDT [43983] LOG:  listening on Unix socket "/tmp/.s.PGSQL.5432"
2022-03-14 00:47:09.646 EDT [43984] LOG:  database system was shut down at 2022-03-14 00:46:23 EDT
2022-03-14 00:47:09.647 EDT [43983] LOG:  database system is ready to accept connections
2022-03-14 00:49:36.536 EDT [44018] ERROR:  column "version" does not exist at character 8
2022-03-14 00:49:36.536 EDT [44018] STATEMENT:  select version
